<?xml version="1.0"?>
<!DOCTYPE coverage SYSTEM "http://cobertura.sourceforge.net/xml/coverage-04.dtd">

<coverage line-rate="0.6732528357116722" branch-rate="0.4209726443768997" lines-covered="1840" lines-valid="2733" branches-covered="277" branches-valid="658" complexity="1.358273381294964" version="2.1.1" timestamp="1466065833934">
	<sources>
		<source>/adaptor/target/generated-sources/annotations</source>
		<source>--source</source>
		<source>/adaptor/src/main/java</source>
	</sources>
	<packages>
		<package name="sonata.kernel.adaptor" line-rate="0.7710144927536232" branch-rate="0.5113636363636364" complexity="1.7272727272727273">
			<classes>
				<class name="sonata.kernel.adaptor.AbstractCallProcessor" filename="sonata/kernel/adaptor/AbstractCallProcessor.java" line-rate="1.0" branch-rate="1.0" complexity="1.0">
					<methods>
						<method name="&lt;init&gt;" signature="(Lsonata/kernel/adaptor/messaging/ServicePlatformMessage;Ljava/lang/String;Lsonata/kernel/adaptor/AdaptorMux;)V" line-rate="1.0" branch-rate="1.0" complexity="0">
							<lines>
								<line number="52" hits="336" branch="false"/>
								<line number="53" hits="336" branch="false"/>
								<line number="54" hits="336" branch="false"/>
								<line number="55" hits="336" branch="false"/>
								<line number="56" hits="336" branch="false"/>
							</lines>
						</method>
						<method name="getMessage" signature="()Lsonata/kernel/adaptor/messaging/ServicePlatformMessage;" line-rate="1.0" branch-rate="1.0" complexity="0">
							<lines>
								<line number="29" hits="672" branch="false"/>
							</lines>
						</method>
						<method name="getMux" signature="()Lsonata/kernel/adaptor/AdaptorMux;" line-rate="1.0" branch-rate="1.0" complexity="0">
							<lines>
								<line number="37" hits="32" branch="false"/>
							</lines>
						</method>
						<method name="getSid" signature="()Ljava/lang/String;" line-rate="1.0" branch-rate="1.0" complexity="0">
							<lines>
								<line number="33" hits="208" branch="false"/>
							</lines>
						</method>
						<method name="run" signature="()V" line-rate="1.0" branch-rate="1.0" complexity="0">
							<lines>
								<line number="65" hits="336" branch="false"/>
								<line number="67" hits="336" branch="false"/>
							</lines>
						</method>
						<method name="sendToMux" signature="(Lsonata/kernel/adaptor/messaging/ServicePlatformMessage;)V" line-rate="1.0" branch-rate="1.0" complexity="0">
							<lines>
								<line number="59" hits="304" branch="false"/>
								<line number="60" hits="304" branch="false"/>
							</lines>
						</method>
					</methods>
					<lines>
						<line number="29" hits="672" branch="false"/>
						<line number="33" hits="208" branch="false"/>
						<line number="37" hits="32" branch="false"/>
						<line number="52" hits="336" branch="false"/>
						<line number="53" hits="336" branch="false"/>
						<line number="54" hits="336" branch="false"/>
						<line number="55" hits="336" branch="false"/>
						<line number="56" hits="336" branch="false"/>
						<line number="59" hits="304" branch="false"/>
						<line number="60" hits="304" branch="false"/>
						<line number="65" hits="336" branch="false"/>
						<line number="67" hits="336" branch="false"/>
					</lines>
				</class>
				<class name="sonata.kernel.adaptor.AdaptorCore" filename="sonata/kernel/adaptor/AdaptorCore.java" line-rate="0.7319587628865979" branch-rate="0.5" complexity="1.3076923076923077">
					<methods>
						<method name="&lt;init&gt;" signature="(D)V" line-rate="0.07692307692307693" branch-rate="1.0" complexity="0">
							<lines>
								<line number="50" hits="126" branch="false"/>
								<line number="85" hits="0" branch="false"/>
								<line number="86" hits="0" branch="false"/>
								<line number="89" hits="0" branch="false"/>
								<line number="91" hits="0" branch="false"/>
								<line number="94" hits="0" branch="false"/>
								<line number="96" hits="0" branch="false"/>
								<line number="99" hits="0" branch="false"/>
								<line number="100" hits="0" branch="false"/>
								<line number="104" hits="0" branch="false"/>
								<line number="105" hits="0" branch="false"/>
								<line number="107" hits="0" branch="false"/>
								<line number="109" hits="0" branch="false"/>
							</lines>
						</method>
						<method name="&lt;init&gt;" signature="(Ljava/util/concurrent/BlockingQueue;Ljava/util/concurrent/BlockingQueue;Lsonata/kernel/adaptor/messaging/AbstractMsgBusConsumer;Lsonata/kernel/adaptor/messaging/AbstractMsgBusProducer;D)V" line-rate="1.0" branch-rate="1.0" complexity="0">
							<lines>
								<line number="69" hits="126" branch="false"/>
								<line number="70" hits="126" branch="false"/>
								<line number="71" hits="126" branch="false"/>
								<line number="72" hits="126" branch="false"/>
								<line number="73" hits="126" branch="false"/>
								<line number="74" hits="126" branch="false"/>
								<line number="75" hits="112" branch="false"/>
								<line number="76" hits="112" branch="false"/>
								<line number="77" hits="112" branch="false"/>
								<line number="78" hits="112" branch="false"/>
							</lines>
						</method>
						<method name="access$000" signature="()Lsonata/kernel/adaptor/AdaptorCore;" line-rate="0.0" branch-rate="1.0" complexity="0">
							<lines>
								<line number="40" hits="0" branch="false"/>
							</lines>
						</method>
						<method name="deregister" signature="()V" line-rate="0.8461538461538461" branch-rate="1.0" complexity="0">
							<lines>
								<line number="150" hits="112" branch="false"/>
								<line number="151" hits="112" branch="false"/>
								<line number="152" hits="112" branch="false"/>
								<line number="154" hits="112" branch="false"/>
								<line number="156" hits="112" branch="false"/>
								<line number="157" hits="112" branch="false"/>
								<line number="158" hits="112" branch="false"/>
								<line number="159" hits="0" branch="false"/>
								<line number="160" hits="0" branch="false"/>
								<line number="161" hits="112" branch="false"/>
								<line number="162" hits="112" branch="false"/>
								<line number="163" hits="112" branch="false"/>
								<line number="164" hits="112" branch="false"/>
							</lines>
						</method>
						<method name="getRegistrationSid" signature="()Ljava/lang/String;" line-rate="1.0" branch-rate="1.0" complexity="0">
							<lines>
								<line number="263" hits="224" branch="false"/>
							</lines>
						</method>
						<method name="getState" signature="()Ljava/lang/String;" line-rate="1.0" branch-rate="1.0" complexity="0">
							<lines>
								<line number="208" hits="323" branch="false"/>
							</lines>
						</method>
						<method name="getUuid" signature="()Ljava/lang/String;" line-rate="1.0" branch-rate="1.0" complexity="0">
							<lines>
								<line number="200" hits="128" branch="false"/>
							</lines>
						</method>
						<method name="handleDeregistrationResponse" signature="(Lsonata/kernel/adaptor/messaging/ServicePlatformMessage;)V" line-rate="0.8181818181818182" branch-rate="0.5" complexity="0">
							<lines>
								<line number="241" hits="112" branch="false"/>
								<line number="242" hits="112" branch="false"/>
								<line number="243" hits="112" branch="false"/>
								<line number="244" hits="112" branch="false"/>
								<line number="245" hits="112" branch="true" condition-coverage="50% (1/2)">
									<conditions>
										<condition number="0" type="jump" coverage="50%"/>
									</conditions>
								</line>
								<line number="246" hits="112" branch="false"/>
								<line number="247" hits="112" branch="false"/>
								<line number="248" hits="112" branch="false"/>
								<line number="250" hits="0" branch="false"/>
								<line number="251" hits="0" branch="false"/>
								<line number="254" hits="112" branch="false"/>
							</lines>
						</method>
						<method name="handleRegistrationResponse" signature="(Lsonata/kernel/adaptor/messaging/ServicePlatformMessage;)V" line-rate="0.7857142857142857" branch-rate="0.5" complexity="0">
							<lines>
								<line number="217" hits="112" branch="false"/>
								<line number="218" hits="112" branch="false"/>
								<line number="219" hits="112" branch="false"/>
								<line number="220" hits="112" branch="false"/>
								<line number="221" hits="112" branch="false"/>
								<line number="222" hits="112" branch="true" condition-coverage="50% (1/2)">
									<conditions>
										<condition number="0" type="jump" coverage="50%"/>
									</conditions>
								</line>
								<line number="223" hits="112" branch="false"/>
								<line number="224" hits="112" branch="false"/>
								<line number="225" hits="112" branch="false"/>
								<line number="226" hits="112" branch="false"/>
								<line number="228" hits="0" branch="false"/>
								<line number="229" hits="0" branch="false"/>
								<line number="230" hits="0" branch="false"/>
								<line number="233" hits="112" branch="false"/>
							</lines>
						</method>
						<method name="main" signature="([Ljava/lang/String;)V" line-rate="0.0" branch-rate="1.0" complexity="0">
							<lines>
								<line number="185" hits="0" branch="false"/>
								<line number="191" hits="0" branch="false"/>
								<line number="192" hits="0" branch="false"/>
								<line number="194" hits="0" branch="false"/>
							</lines>
						</method>
						<method name="register" signature="()V" line-rate="0.8333333333333334" branch-rate="1.0" complexity="0">
							<lines>
								<line number="133" hits="112" branch="false"/>
								<line number="135" hits="112" branch="false"/>
								<line number="136" hits="112" branch="false"/>
								<line number="138" hits="112" branch="false"/>
								<line number="140" hits="112" branch="false"/>
								<line number="141" hits="112" branch="false"/>
								<line number="142" hits="112" branch="false"/>
								<line number="143" hits="0" branch="false"/>
								<line number="144" hits="0" branch="false"/>
								<line number="145" hits="112" branch="false"/>
								<line number="146" hits="112" branch="false"/>
								<line number="147" hits="112" branch="false"/>
							</lines>
						</method>
						<method name="start" signature="()V" line-rate="1.0" branch-rate="1.0" complexity="0">
							<lines>
								<line number="118" hits="112" branch="false"/>
								<line number="119" hits="112" branch="false"/>
								<line number="120" hits="112" branch="false"/>
								<line number="121" hits="112" branch="false"/>
								<line number="123" hits="112" branch="false"/>
								<line number="125" hits="112" branch="false"/>
								<line number="126" hits="112" branch="false"/>
								<line number="128" hits="112" branch="false"/>
								<line number="129" hits="112" branch="false"/>
								<line number="130" hits="112" branch="false"/>
							</lines>
						</method>
						<method name="stop" signature="()V" line-rate="1.0" branch-rate="1.0" complexity="0">
							<lines>
								<line number="170" hits="112" branch="false"/>
								<line number="171" hits="112" branch="false"/>
								<line number="172" hits="112" branch="false"/>
								<line number="173" hits="112" branch="false"/>
								<line number="174" hits="112" branch="false"/>
								<line number="175" hits="112" branch="false"/>
							</lines>
						</method>
					</methods>
					<lines>
						<line number="40" hits="0" branch="false"/>
						<line number="50" hits="126" branch="false"/>
						<line number="69" hits="126" branch="false"/>
						<line number="70" hits="126" branch="false"/>
						<line number="71" hits="126" branch="false"/>
						<line number="72" hits="126" branch="false"/>
						<line number="73" hits="126" branch="false"/>
						<line number="74" hits="126" branch="false"/>
						<line number="75" hits="112" branch="false"/>
						<line number="76" hits="112" branch="false"/>
						<line number="77" hits="112" branch="false"/>
						<line number="78" hits="112" branch="false"/>
						<line number="85" hits="0" branch="false"/>
						<line number="86" hits="0" branch="false"/>
						<line number="89" hits="0" branch="false"/>
						<line number="91" hits="0" branch="false"/>
						<line number="94" hits="0" branch="false"/>
						<line number="96" hits="0" branch="false"/>
						<line number="99" hits="0" branch="false"/>
						<line number="100" hits="0" branch="false"/>
						<line number="104" hits="0" branch="false"/>
						<line number="105" hits="0" branch="false"/>
						<line number="107" hits="0" branch="false"/>
						<line number="109" hits="0" branch="false"/>
						<line number="118" hits="112" branch="false"/>
						<line number="119" hits="112" branch="false"/>
						<line number="120" hits="112" branch="false"/>
						<line number="121" hits="112" branch="false"/>
						<line number="123" hits="112" branch="false"/>
						<line number="125" hits="112" branch="false"/>
						<line number="126" hits="112" branch="false"/>
						<line number="128" hits="112" branch="false"/>
						<line number="129" hits="112" branch="false"/>
						<line number="130" hits="112" branch="false"/>
						<line number="133" hits="112" branch="false"/>
						<line number="135" hits="112" branch="false"/>
						<line number="136" hits="112" branch="false"/>
						<line number="138" hits="112" branch="false"/>
						<line number="140" hits="112" branch="false"/>
						<line number="141" hits="112" branch="false"/>
						<line number="142" hits="112" branch="false"/>
						<line number="143" hits="0" branch="false"/>
						<line number="144" hits="0" branch="false"/>
						<line number="145" hits="112" branch="false"/>
						<line number="146" hits="112" branch="false"/>
						<line number="147" hits="112" branch="false"/>
						<line number="150" hits="112" branch="false"/>
						<line number="151" hits="112" branch="false"/>
						<line number="152" hits="112" branch="false"/>
						<line number="154" hits="112" branch="false"/>
						<line number="156" hits="112" branch="false"/>
						<line number="157" hits="112" branch="false"/>
						<line number="158" hits="112" branch="false"/>
						<line number="159" hits="0" branch="false"/>
						<line number="160" hits="0" branch="false"/>
						<line number="161" hits="112" branch="false"/>
						<line number="162" hits="112" branch="false"/>
						<line number="163" hits="112" branch="false"/>
						<line number="164" hits="112" branch="false"/>
						<line number="170" hits="112" branch="false"/>
						<line number="171" hits="112" branch="false"/>
						<line number="172" hits="112" branch="false"/>
						<line number="173" hits="112" branch="false"/>
						<line number="174" hits="112" branch="false"/>
						<line number="175" hits="112" branch="false"/>
						<line number="185" hits="0" branch="false"/>
						<line number="191" hits="0" branch="false"/>
						<line number="192" hits="0" branch="false"/>
						<line number="194" hits="0" branch="false"/>
						<line number="200" hits="128" branch="false"/>
						<line number="208" hits="323" branch="false"/>
						<line number="217" hits="112" branch="false"/>
						<line number="218" hits="112" branch="false"/>
						<line number="219" hits="112" branch="false"/>
						<line number="220" hits="112" branch="false"/>
						<line number="221" hits="112" branch="false"/>
						<line number="222" hits="112" branch="true" condition-coverage="50% (1/2)">
							<conditions>
								<condition number="0" type="jump" coverage="50%"/>
							</conditions>
						</line>
						<line number="223" hits="112" branch="false"/>
						<line number="224" hits="112" branch="false"/>
						<line number="225" hits="112" branch="false"/>
						<line number="226" hits="112" branch="false"/>
						<line number="228" hits="0" branch="false"/>
						<line number="229" hits="0" branch="false"/>
						<line number="230" hits="0" branch="false"/>
						<line number="233" hits="112" branch="false"/>
						<line number="241" hits="112" branch="false"/>
						<line number="242" hits="112" branch="false"/>
						<line number="243" hits="112" branch="false"/>
						<line number="244" hits="112" branch="false"/>
						<line number="245" hits="112" branch="true" condition-coverage="50% (1/2)">
							<conditions>
								<condition number="0" type="jump" coverage="50%"/>
							</conditions>
						</line>
						<line number="246" hits="112" branch="false"/>
						<line number="247" hits="112" branch="false"/>
						<line number="248" hits="112" branch="false"/>
						<line number="250" hits="0" branch="false"/>
						<line number="251" hits="0" branch="false"/>
						<line number="254" hits="112" branch="false"/>
						<line number="263" hits="224" branch="false"/>
					</lines>
				</class>
				<class name="sonata.kernel.adaptor.AdaptorCore$1" filename="sonata/kernel/adaptor/AdaptorCore.java" line-rate="0.0" branch-rate="1.0" complexity="1.3076923076923077">
					<methods>
						<method name="&lt;init&gt;" signature="()V" line-rate="0.0" branch-rate="1.0" complexity="0">
							<lines>
								<line number="185" hits="0" branch="false"/>
							</lines>
						</method>
						<method name="run" signature="()V" line-rate="0.0" branch-rate="1.0" complexity="0">
							<lines>
								<line number="188" hits="0" branch="false"/>
								<line number="189" hits="0" branch="false"/>
							</lines>
						</method>
					</methods>
					<lines>
						<line number="185" hits="0" branch="false"/>
						<line number="188" hits="0" branch="false"/>
						<line number="189" hits="0" branch="false"/>
					</lines>
				</class>
				<class name="sonata.kernel.adaptor.AdaptorDispatcher" filename="sonata/kernel/adaptor/AdaptorDispatcher.java" line-rate="0.7464788732394366" branch-rate="0.5689655172413793" complexity="2.75">
					<methods>
						<method name="&lt;init&gt;" signature="(Ljava/util/concurrent/BlockingQueue;Lsonata/kernel/adaptor/AdaptorMux;Lsonata/kernel/adaptor/AdaptorCore;)V" line-rate="1.0" branch-rate="1.0" complexity="0">
							<lines>
								<line number="32" hits="126" branch="false"/>
								<line number="45" hits="126" branch="false"/>
								<line number="46" hits="126" branch="false"/>
								<line number="47" hits="126" branch="false"/>
								<line number="48" hits="126" branch="false"/>
								<line number="49" hits="126" branch="false"/>
								<line number="50" hits="126" branch="false"/>
							</lines>
						</method>
						<method name="handleManagementMessage" signature="(Lsonata/kernel/adaptor/messaging/ServicePlatformMessage;)V" line-rate="0.7647058823529411" branch-rate="0.55" complexity="0">
							<lines>
								<line number="94" hits="209" branch="true" condition-coverage="50% (1/2)">
									<conditions>
										<condition number="0" type="jump" coverage="50%"/>
									</conditions>
								</line>
								<line number="95" hits="209" branch="true" condition-coverage="100% (2/2)">
									<conditions>
										<condition number="0" type="jump" coverage="100%"/>
									</conditions>
								</line>
								<line number="96" hits="183" branch="true" condition-coverage="50% (1/2)">
									<conditions>
										<condition number="0" type="jump" coverage="50%"/>
									</conditions>
								</line>
								<line number="97" hits="216" branch="true" condition-coverage="100% (2/2)">
									<conditions>
										<condition number="0" type="jump" coverage="100%"/>
									</conditions>
								</line>
								<line number="98" hits="128" branch="false"/>
								<line number="99" hits="88" branch="true" condition-coverage="100% (2/2)">
									<conditions>
										<condition number="0" type="jump" coverage="100%"/>
									</conditions>
								</line>
								<line number="100" hits="51" branch="false"/>
								<line number="101" hits="37" branch="true" condition-coverage="100% (2/2)">
									<conditions>
										<condition number="0" type="jump" coverage="100%"/>
									</conditions>
								</line>
								<line number="102" hits="27" branch="false"/>
								<line number="103" hits="10" branch="true" condition-coverage="50% (1/2)">
									<conditions>
										<condition number="0" type="jump" coverage="50%"/>
									</conditions>
								</line>
								<line number="104" hits="10" branch="true" condition-coverage="0% (0/2)">
									<conditions>
										<condition number="0" type="jump" coverage="0%"/>
									</conditions>
								</line>
								<line number="106" hits="0" branch="true" condition-coverage="0% (0/2)">
									<conditions>
										<condition number="0" type="jump" coverage="0%"/>
									</conditions>
								</line>
								<line number="108" hits="0" branch="true" condition-coverage="0% (0/2)">
									<conditions>
										<condition number="0" type="jump" coverage="0%"/>
									</conditions>
								</line>
								<line number="109" hits="0" branch="false"/>
								<line number="111" hits="0" branch="false"/>
								<line number="112" hits="209" branch="false"/>
								<line number="114" hits="95" branch="false"/>
							</lines>
						</method>
						<method name="handleMonitoringMessage" signature="(Lsonata/kernel/adaptor/messaging/ServicePlatformMessage;)V" line-rate="0.0" branch-rate="0.0" complexity="0">
							<lines>
								<line number="77" hits="0" branch="true" condition-coverage="0% (0/2)">
									<conditions>
										<condition number="0" type="jump" coverage="0%"/>
									</conditions>
								</line>
								<line number="78" hits="0" branch="false"/>
								<line number="79" hits="0" branch="true" condition-coverage="0% (0/2)">
									<conditions>
										<condition number="0" type="jump" coverage="0%"/>
									</conditions>
								</line>
								<line number="80" hits="0" branch="false"/>
								<line number="81" hits="0" branch="true" condition-coverage="0% (0/2)">
									<conditions>
										<condition number="0" type="jump" coverage="0%"/>
									</conditions>
								</line>
								<line number="82" hits="0" branch="false"/>
								<line number="84" hits="0" branch="false"/>
							</lines>
						</method>
						<method name="handleServiceMsg" signature="(Lsonata/kernel/adaptor/messaging/ServicePlatformMessage;)V" line-rate="0.8" branch-rate="0.25" complexity="0">
							<lines>
								<line number="87" hits="32" branch="true" condition-coverage="50% (1/2)">
									<conditions>
										<condition number="0" type="jump" coverage="50%"/>
									</conditions>
								</line>
								<line number="88" hits="32" branch="false"/>
								<line number="89" hits="0" branch="true" condition-coverage="0% (0/2)">
									<conditions>
										<condition number="0" type="jump" coverage="0%"/>
									</conditions>
								</line>
								<line number="90" hits="22" branch="false"/>
								<line number="92" hits="10" branch="false"/>
							</lines>
						</method>
						<method name="isDeregistrationResponse" signature="(Lsonata/kernel/adaptor/messaging/ServicePlatformMessage;)Z" line-rate="1.0" branch-rate="0.75" complexity="0">
							<lines>
								<line number="132" hits="308" branch="true" condition-coverage="75% (3/4)">
									<conditions>
										<condition number="0" type="jump" coverage="100%"/>
										<condition number="1" type="jump" coverage="50%"/>
									</conditions>
								</line>
								<line number="134" hits="140" branch="true" condition-coverage="75% (3/4)">
									<conditions>
										<condition number="0" type="jump" coverage="100%"/>
										<condition number="1" type="jump" coverage="50%"/>
									</conditions>
								</line>
							</lines>
						</method>
						<method name="isManagementMsg" signature="(Lsonata/kernel/adaptor/messaging/ServicePlatformMessage;)Z" line-rate="1.0" branch-rate="1.0" complexity="0">
							<lines>
								<line number="115" hits="231" branch="false"/>
								<line number="117" hits="105" branch="false"/>
							</lines>
						</method>
						<method name="isMonitoringMessage" signature="(Lsonata/kernel/adaptor/messaging/ServicePlatformMessage;)Z" line-rate="0.0" branch-rate="1.0" complexity="0">
							<lines>
								<line number="123" hits="0" branch="false"/>
								<line number="125" hits="0" branch="false"/>
							</lines>
						</method>
						<method name="isRegistrationResponse" signature="(Lsonata/kernel/adaptor/messaging/ServicePlatformMessage;)Z" line-rate="1.0" branch-rate="0.75" complexity="0">
							<lines>
								<line number="127" hits="385" branch="true" condition-coverage="75% (3/4)">
									<conditions>
										<condition number="0" type="jump" coverage="100%"/>
										<condition number="1" type="jump" coverage="50%"/>
									</conditions>
								</line>
								<line number="129" hits="175" branch="true" condition-coverage="75% (3/4)">
									<conditions>
										<condition number="0" type="jump" coverage="100%"/>
										<condition number="1" type="jump" coverage="50%"/>
									</conditions>
								</line>
							</lines>
						</method>
						<method name="isServiceMsg" signature="(Lsonata/kernel/adaptor/messaging/ServicePlatformMessage;)Z" line-rate="1.0" branch-rate="1.0" complexity="0">
							<lines>
								<line number="119" hits="22" branch="false"/>
								<line number="121" hits="10" branch="false"/>
							</lines>
						</method>
						<method name="run" signature="()V" line-rate="0.75" branch-rate="0.75" complexity="0">
							<lines>
								<line number="57" hits="658" branch="false"/>
								<line number="59" hits="560" branch="true" condition-coverage="100% (2/2)">
									<conditions>
										<condition number="0" type="jump" coverage="100%"/>
									</conditions>
								</line>
								<line number="60" hits="112" branch="false"/>
								<line number="61" hits="448" branch="true" condition-coverage="100% (2/2)">
									<conditions>
										<condition number="0" type="jump" coverage="100%"/>
									</conditions>
								</line>
								<line number="62" hits="112" branch="false"/>
								<line number="63" hits="336" branch="true" condition-coverage="100% (2/2)">
									<conditions>
										<condition number="0" type="jump" coverage="100%"/>
									</conditions>
								</line>
								<line number="64" hits="304" branch="false"/>
								<line number="65" hits="32" branch="true" condition-coverage="50% (1/2)">
									<conditions>
										<condition number="0" type="jump" coverage="50%"/>
									</conditions>
								</line>
								<line number="66" hits="32" branch="false"/>
								<line number="67" hits="0" branch="true" condition-coverage="0% (0/2)">
									<conditions>
										<condition number="0" type="jump" coverage="0%"/>
									</conditions>
								</line>
								<line number="68" hits="0" branch="false"/>
								<line number="70" hits="0" branch="false"/>
								<line number="71" hits="0" branch="false"/>
								<line number="72" hits="560" branch="false"/>
								<line number="73" hits="560" branch="true" condition-coverage="100% (2/2)">
									<conditions>
										<condition number="0" type="jump" coverage="100%"/>
									</conditions>
								</line>
								<line number="74" hits="14" branch="false"/>
							</lines>
						</method>
						<method name="start" signature="()V" line-rate="1.0" branch-rate="1.0" complexity="0">
							<lines>
								<line number="137" hits="77" branch="false"/>
								<line number="138" hits="77" branch="false"/>
								<line number="139" hits="112" branch="false"/>
								<line number="140" hits="35" branch="false"/>
								<line number="141" hits="35" branch="false"/>
							</lines>
						</method>
						<method name="stop" signature="()V" line-rate="1.0" branch-rate="1.0" complexity="0">
							<lines>
								<line number="142" hits="77" branch="false"/>
								<line number="143" hits="77" branch="false"/>
								<line number="144" hits="35" branch="false"/>
								<line number="145" hits="35" branch="false"/>
							</lines>
						</method>
					</methods>
					<lines>
						<line number="32" hits="126" branch="false"/>
						<line number="45" hits="126" branch="false"/>
						<line number="46" hits="126" branch="false"/>
						<line number="47" hits="126" branch="false"/>
						<line number="48" hits="126" branch="false"/>
						<line number="49" hits="126" branch="false"/>
						<line number="50" hits="126" branch="false"/>
						<line number="57" hits="658" branch="false"/>
						<line number="59" hits="560" branch="true" condition-coverage="100% (2/2)">
							<conditions>
								<condition number="0" type="jump" coverage="100%"/>
							</conditions>
						</line>
						<line number="60" hits="112" branch="false"/>
						<line number="61" hits="448" branch="true" condition-coverage="100% (2/2)">
							<conditions>
								<condition number="0" type="jump" coverage="100%"/>
							</conditions>
						</line>
						<line number="62" hits="112" branch="false"/>
						<line number="63" hits="336" branch="true" condition-coverage="100% (2/2)">
							<conditions>
								<condition number="0" type="jump" coverage="100%"/>
							</conditions>
						</line>
						<line number="64" hits="304" branch="false"/>
						<line number="65" hits="32" branch="true" condition-coverage="50% (1/2)">
							<conditions>
								<condition number="0" type="jump" coverage="50%"/>
							</conditions>
						</line>
						<line number="66" hits="32" branch="false"/>
						<line number="67" hits="0" branch="true" condition-coverage="0% (0/2)">
							<conditions>
								<condition number="0" type="jump" coverage="0%"/>
							</conditions>
						</line>
						<line number="68" hits="0" branch="false"/>
						<line number="70" hits="0" branch="false"/>
						<line number="71" hits="0" branch="false"/>
						<line number="72" hits="560" branch="false"/>
						<line number="73" hits="560" branch="true" condition-coverage="100% (2/2)">
							<conditions>
								<condition number="0" type="jump" coverage="100%"/>
							</conditions>
						</line>
						<line number="74" hits="14" branch="false"/>
						<line number="77" hits="0" branch="true" condition-coverage="0% (0/2)">
							<conditions>
								<condition number="0" type="jump" coverage="0%"/>
							</conditions>
						</line>
						<line number="78" hits="0" branch="false"/>
						<line number="79" hits="0" branch="true" condition-coverage="0% (0/2)">
							<conditions>
								<condition number="0" type="jump" coverage="0%"/>
							</conditions>
						</line>
						<line number="80" hits="0" branch="false"/>
						<line number="81" hits="0" branch="true" condition-coverage="0% (0/2)">
							<conditions>
								<condition number="0" type="jump" coverage="0%"/>
							</conditions>
						</line>
						<line number="82" hits="0" branch="false"/>
						<line number="84" hits="0" branch="false"/>
						<line number="87" hits="32" branch="true" condition-coverage="50% (1/2)">
							<conditions>
								<condition number="0" type="jump" coverage="50%"/>
							</conditions>
						</line>
						<line number="88" hits="32" branch="false"/>
						<line number="89" hits="0" branch="true" condition-coverage="0% (0/2)">
							<conditions>
								<condition number="0" type="jump" coverage="0%"/>
							</conditions>
						</line>
						<line number="90" hits="22" branch="false"/>
						<line number="92" hits="10" branch="false"/>
						<line number="94" hits="209" branch="true" condition-coverage="50% (1/2)">
							<conditions>
								<condition number="0" type="jump" coverage="50%"/>
							</conditions>
						</line>
						<line number="95" hits="209" branch="true" condition-coverage="100% (2/2)">
							<conditions>
								<condition number="0" type="jump" coverage="100%"/>
							</conditions>
						</line>
						<line number="96" hits="183" branch="true" condition-coverage="50% (1/2)">
							<conditions>
								<condition number="0" type="jump" coverage="50%"/>
							</conditions>
						</line>
						<line number="97" hits="216" branch="true" condition-coverage="100% (2/2)">
							<conditions>
								<condition number="0" type="jump" coverage="100%"/>
							</conditions>
						</line>
						<line number="98" hits="128" branch="false"/>
						<line number="99" hits="88" branch="true" condition-coverage="100% (2/2)">
							<conditions>
								<condition number="0" type="jump" coverage="100%"/>
							</conditions>
						</line>
						<line number="100" hits="51" branch="false"/>
						<line number="101" hits="37" branch="true" condition-coverage="100% (2/2)">
							<conditions>
								<condition number="0" type="jump" coverage="100%"/>
							</conditions>
						</line>
						<line number="102" hits="27" branch="false"/>
						<line number="103" hits="10" branch="true" condition-coverage="50% (1/2)">
							<conditions>
								<condition number="0" type="jump" coverage="50%"/>
							</conditions>
						</line>
						<line number="104" hits="10" branch="true" condition-coverage="0% (0/2)">
							<conditions>
								<condition number="0" type="jump" coverage="0%"/>
							</conditions>
						</line>
						<line number="106" hits="0" branch="true" condition-coverage="0% (0/2)">
							<conditions>
								<condition number="0" type="jump" coverage="0%"/>
							</conditions>
						</line>
						<line number="108" hits="0" branch="true" condition-coverage="0% (0/2)">
							<conditions>
								<condition number="0" type="jump" coverage="0%"/>
							</conditions>
						</line>
						<line number="109" hits="0" branch="false"/>
						<line number="111" hits="0" branch="false"/>
						<line number="112" hits="209" branch="false"/>
						<line number="114" hits="95" branch="false"/>
						<line number="115" hits="231" branch="false"/>
						<line number="117" hits="105" branch="false"/>
						<line number="119" hits="22" branch="false"/>
						<line number="121" hits="10" branch="false"/>
						<line number="123" hits="0" branch="false"/>
						<line number="125" hits="0" branch="false"/>
						<line number="127" hits="385" branch="true" condition-coverage="75% (3/4)">
							<conditions>
								<condition number="0" type="jump" coverage="100%"/>
								<condition number="1" type="jump" coverage="50%"/>
							</conditions>
						</line>
						<line number="129" hits="175" branch="true" condition-coverage="75% (3/4)">
							<conditions>
								<condition number="0" type="jump" coverage="100%"/>
								<condition number="1" type="jump" coverage="50%"/>
							</conditions>
						</line>
						<line number="132" hits="308" branch="true" condition-coverage="75% (3/4)">
							<conditions>
								<condition number="0" type="jump" coverage="100%"/>
								<condition number="1" type="jump" coverage="50%"/>
							</conditions>
						</line>
						<line number="134" hits="140" branch="true" condition-coverage="75% (3/4)">
							<conditions>
								<condition number="0" type="jump" coverage="100%"/>
								<condition number="1" type="jump" coverage="50%"/>
							</conditions>
						</line>
						<line number="137" hits="77" branch="false"/>
						<line number="138" hits="77" branch="false"/>
						<line number="139" hits="112" branch="false"/>
						<line number="140" hits="35" branch="false"/>
						<line number="141" hits="35" branch="false"/>
						<line number="142" hits="77" branch="false"/>
						<line number="143" hits="77" branch="false"/>
						<line number="144" hits="35" branch="false"/>
						<line number="145" hits="35" branch="false"/>
					</lines>
				</class>
				<class name="sonata.kernel.adaptor.AdaptorMux" filename="sonata/kernel/adaptor/AdaptorMux.java" line-rate="1.0" branch-rate="1.0" complexity="1.0">
					<methods>
						<method name="&lt;init&gt;" signature="(Ljava/util/concurrent/BlockingQueue;)V" line-rate="1.0" branch-rate="1.0" complexity="0">
							<lines>
								<line number="34" hits="126" branch="false"/>
								<line number="35" hits="126" branch="false"/>
								<line number="36" hits="126" branch="false"/>
							</lines>
						</method>
						<method name="enqueue" signature="(Lsonata/kernel/adaptor/messaging/ServicePlatformMessage;)Z" line-rate="1.0" branch-rate="1.0" complexity="0">
							<lines>
								<line number="45" hits="867" branch="false"/>
							</lines>
						</method>
					</methods>
					<lines>
						<line number="34" hits="126" branch="false"/>
						<line number="35" hits="126" branch="false"/>
						<line number="36" hits="126" branch="false"/>
						<line number="45" hits="867" branch="false"/>
					</lines>
				</class>
				<class name="sonata.kernel.adaptor.AddVimCallProcessor" filename="sonata/kernel/adaptor/AddVimCallProcessor.java" line-rate="0.7115384615384616" branch-rate="0.16666666666666666" complexity="1.6">
					<methods>
						<method name="&lt;init&gt;" signature="(Lsonata/kernel/adaptor/messaging/ServicePlatformMessage;Ljava/lang/String;Lsonata/kernel/adaptor/AdaptorMux;)V" line-rate="1.0" branch-rate="1.0" complexity="0">
							<lines>
								<line number="40" hits="48" branch="false"/>
								<line number="41" hits="80" branch="false"/>
								<line number="42" hits="48" branch="false"/>
								<line number="43" hits="80" branch="false"/>
							</lines>
						</method>
						<method name="process" signature="(Lsonata/kernel/adaptor/messaging/ServicePlatformMessage;)Z" line-rate="0.8235294117647058" branch-rate="0.16666666666666666" complexity="0">
							<lines>
								<line number="50" hits="48" branch="false"/>
								<line number="51" hits="80" branch="false"/>
								<line number="52" hits="48" branch="false"/>
								<line number="53" hits="80" branch="false"/>
								<line number="54" hits="48" branch="false"/>
								<line number="55" hits="128" branch="false"/>
								<line number="56" hits="128" branch="false"/>
								<line number="57" hits="128" branch="false"/>
								<line number="58" hits="128" branch="false"/>
								<line number="59" hits="128" branch="false"/>
								<line number="60" hits="128" branch="false"/>
								<line number="61" hits="80" branch="false"/>
								<line number="62" hits="48" branch="false"/>
								<line number="63" hits="128" branch="false"/>
								<line number="64" hits="128" branch="false"/>
								<line number="65" hits="128" branch="false"/>
								<line number="66" hits="128" branch="false"/>
								<line number="67" hits="128" branch="false"/>
								<line number="68" hits="128" branch="false"/>
								<line number="69" hits="128" branch="false"/>
								<line number="70" hits="128" branch="false"/>
								<line number="71" hits="128" branch="true" condition-coverage="50% (1/2)">
									<conditions>
										<condition number="0" type="jump" coverage="50%"/>
									</conditions>
								</line>
								<line number="72" hits="128" branch="true" condition-coverage="50% (1/2)">
									<conditions>
										<condition number="0" type="jump" coverage="50%"/>
									</conditions>
								</line>
								<line number="73" hits="80" branch="true" condition-coverage="0% (0/2)">
									<conditions>
										<condition number="0" type="jump" coverage="0%"/>
									</conditions>
								</line>
								<line number="74" hits="0" branch="true" condition-coverage="0% (0/2)">
									<conditions>
										<condition number="0" type="jump" coverage="0%"/>
									</conditions>
								</line>
								<line number="75" hits="0" branch="false"/>
								<line number="76" hits="0" branch="true" condition-coverage="0% (0/2)">
									<conditions>
										<condition number="0" type="jump" coverage="0%"/>
									</conditions>
								</line>
								<line number="77" hits="0" branch="true" condition-coverage="0% (0/2)">
									<conditions>
										<condition number="0" type="jump" coverage="0%"/>
									</conditions>
								</line>
								<line number="78" hits="0" branch="false"/>
								<line number="79" hits="0" branch="false"/>
								<line number="80" hits="48" branch="false"/>
								<line number="81" hits="80" branch="false"/>
								<line number="82" hits="48" branch="false"/>
								<line number="83" hits="80" branch="false"/>
							</lines>
						</method>
						<method name="sendError" signature="(Ljava/lang/String;)V" line-rate="0.0" branch-rate="1.0" complexity="0">
							<lines>
								<line number="87" hits="0" branch="false"/>
								<line number="88" hits="0" branch="false"/>
								<line number="89" hits="0" branch="false"/>
								<line number="90" hits="0" branch="false"/>
								<line number="91" hits="0" branch="false"/>
								<line number="92" hits="0" branch="false"/>
								<line number="93" hits="0" branch="false"/>
							</lines>
						</method>
						<method name="sendResponse" signature="(Ljava/lang/String;)V" line-rate="1.0" branch-rate="1.0" complexity="0">
							<lines>
								<line number="95" hits="48" branch="false"/>
								<line number="96" hits="80" branch="false"/>
								<line number="97" hits="48" branch="false"/>
								<line number="98" hits="128" branch="false"/>
								<line number="99" hits="80" branch="false"/>
							</lines>
						</method>
						<method name="update" signature="(Ljava/util/Observable;Ljava/lang/Object;)V" line-rate="0.0" branch-rate="1.0" complexity="0">
							<lines>
								<line number="103" hits="0" branch="false"/>
								<line number="104" hits="0" branch="false"/>
							</lines>
						</method>
					</methods>
					<lines>
						<line number="40" hits="48" branch="false"/>
						<line number="41" hits="80" branch="false"/>
						<line number="42" hits="48" branch="false"/>
						<line number="43" hits="80" branch="false"/>
						<line number="50" hits="48" branch="false"/>
						<line number="51" hits="80" branch="false"/>
						<line number="52" hits="48" branch="false"/>
						<line number="53" hits="80" branch="false"/>
						<line number="54" hits="48" branch="false"/>
						<line number="55" hits="128" branch="false"/>
						<line number="56" hits="128" branch="false"/>
						<line number="57" hits="128" branch="false"/>
						<line number="58" hits="128" branch="false"/>
						<line number="59" hits="128" branch="false"/>
						<line number="60" hits="128" branch="false"/>
						<line number="61" hits="80" branch="false"/>
						<line number="62" hits="48" branch="false"/>
						<line number="63" hits="128" branch="false"/>
						<line number="64" hits="128" branch="false"/>
						<line number="65" hits="128" branch="false"/>
						<line number="66" hits="128" branch="false"/>
						<line number="67" hits="128" branch="false"/>
						<line number="68" hits="128" branch="false"/>
						<line number="69" hits="128" branch="false"/>
						<line number="70" hits="128" branch="false"/>
						<line number="71" hits="128" branch="true" condition-coverage="50% (1/2)">
							<conditions>
								<condition number="0" type="jump" coverage="50%"/>
							</conditions>
						</line>
						<line number="72" hits="128" branch="true" condition-coverage="50% (1/2)">
							<conditions>
								<condition number="0" type="jump" coverage="50%"/>
							</conditions>
						</line>
						<line number="73" hits="80" branch="true" condition-coverage="0% (0/2)">
							<conditions>
								<condition number="0" type="jump" coverage="0%"/>
							</conditions>
						</line>
						<line number="74" hits="0" branch="true" condition-coverage="0% (0/2)">
							<conditions>
								<condition number="0" type="jump" coverage="0%"/>
							</conditions>
						</line>
						<line number="75" hits="0" branch="false"/>
						<line number="76" hits="0" branch="true" condition-coverage="0% (0/2)">
							<conditions>
								<condition number="0" type="jump" coverage="0%"/>
							</conditions>
						</line>
						<line number="77" hits="0" branch="true" condition-coverage="0% (0/2)">
							<conditions>
								<condition number="0" type="jump" coverage="0%"/>
							</conditions>
						</line>
						<line number="78" hits="0" branch="false"/>
						<line number="79" hits="0" branch="false"/>
						<line number="80" hits="48" branch="false"/>
						<line number="81" hits="80" branch="false"/>
						<line number="82" hits="48" branch="false"/>
						<line number="83" hits="80" branch="false"/>
						<line number="87" hits="0" branch="false"/>
						<line number="88" hits="0" branch="false"/>
						<line number="89" hits="0" branch="false"/>
						<line number="90" hits="0" branch="false"/>
						<line number="91" hits="0" branch="false"/>
						<line number="92" hits="0" branch="false"/>
						<line number="93" hits="0" branch="false"/>
						<line number="95" hits="48" branch="false"/>
						<line number="96" hits="80" branch="false"/>
						<line number="97" hits="48" branch="false"/>
						<line number="98" hits="128" branch="false"/>
						<line number="99" hits="80" branch="false"/>
						<line number="103" hits="0" branch="false"/>
						<line number="104" hits="0" branch="false"/>
					</lines>
				</class>
				<class name="sonata.kernel.adaptor.DeployServiceCallProcessor" filename="sonata/kernel/adaptor/DeployServiceCallProcessor.java" line-rate="0.8709677419354839" branch-rate="0.5" complexity="2.3333333333333335">
					<methods>
						<method name="&lt;init&gt;" signature="(Lsonata/kernel/adaptor/messaging/ServicePlatformMessage;Ljava/lang/String;Lsonata/kernel/adaptor/AdaptorMux;)V" line-rate="1.0" branch-rate="1.0" complexity="0">
							<lines>
								<line number="48" hits="32" branch="false"/>
								<line number="49" hits="32" branch="false"/>
							</lines>
						</method>
						<method name="process" signature="(Lsonata/kernel/adaptor/messaging/ServicePlatformMessage;)Z" line-rate="0.8" branch-rate="0.5" complexity="0">
							<lines>
								<line number="53" hits="32" branch="false"/>
								<line number="54" hits="32" branch="false"/>
								<line number="56" hits="32" branch="false"/>
								<line number="57" hits="32" branch="false"/>
								<line number="58" hits="32" branch="false"/>
								<line number="59" hits="32" branch="false"/>
								<line number="60" hits="32" branch="false"/>
								<line number="61" hits="32" branch="false"/>
								<line number="62" hits="32" branch="false"/>
								<line number="64" hits="32" branch="false"/>
								<line number="65" hits="32" branch="false"/>
								<line number="66" hits="32" branch="true" condition-coverage="50% (1/2)">
									<conditions>
										<condition number="0" type="jump" coverage="50%"/>
									</conditions>
								</line>
								<line number="67" hits="0" branch="false"/>
								<line number="70" hits="0" branch="false"/>
								<line number="74" hits="32" branch="false"/>
								<line number="75" hits="32" branch="false"/>
								<line number="77" hits="0" branch="false"/>
								<line number="80" hits="0" branch="false"/>
								<line number="81" hits="32" branch="false"/>
								<line number="82" hits="32" branch="false"/>
							</lines>
						</method>
						<method name="update" signature="(Ljava/util/Observable;Ljava/lang/Object;)V" line-rate="1.0" branch-rate="0.5" complexity="0">
							<lines>
								<line number="87" hits="32" branch="false"/>
								<line number="88" hits="32" branch="true" condition-coverage="50% (1/2)">
									<conditions>
										<condition number="0" type="jump" coverage="50%"/>
									</conditions>
								</line>
								<line number="89" hits="32" branch="false"/>
								<line number="90" hits="32" branch="true" condition-coverage="50% (1/2)">
									<conditions>
										<condition number="0" type="jump" coverage="50%"/>
									</conditions>
								</line>
								<line number="91" hits="32" branch="false"/>
								<line number="92" hits="32" branch="false"/>
								<line number="93" hits="32" branch="false"/>
								<line number="95" hits="32" branch="false"/>
								<line number="99" hits="32" branch="false"/>
							</lines>
						</method>
					</methods>
					<lines>
						<line number="48" hits="32" branch="false"/>
						<line number="49" hits="32" branch="false"/>
						<line number="53" hits="32" branch="false"/>
						<line number="54" hits="32" branch="false"/>
						<line number="56" hits="32" branch="false"/>
						<line number="57" hits="32" branch="false"/>
						<line number="58" hits="32" branch="false"/>
						<line number="59" hits="32" branch="false"/>
						<line number="60" hits="32" branch="false"/>
						<line number="61" hits="32" branch="false"/>
						<line number="62" hits="32" branch="false"/>
						<line number="64" hits="32" branch="false"/>
						<line number="65" hits="32" branch="false"/>
						<line number="66" hits="32" branch="true" condition-coverage="50% (1/2)">
							<conditions>
								<condition number="0" type="jump" coverage="50%"/>
							</conditions>
						</line>
						<line number="67" hits="0" branch="false"/>
						<line number="70" hits="0" branch="false"/>
						<line number="74" hits="32" branch="false"/>
						<line number="75" hits="32" branch="false"/>
						<line number="77" hits="0" branch="false"/>
						<line number="80" hits="0" branch="false"/>
						<line number="81" hits="32" branch="false"/>
						<line number="82" hits="32" branch="false"/>
						<line number="87" hits="32" branch="false"/>
						<line number="88" hits="32" branch="true" condition-coverage="50% (1/2)">
							<conditions>
								<condition number="0" type="jump" coverage="50%"/>
							</conditions>
						</line>
						<line number="89" hits="32" branch="false"/>
						<line number="90" hits="32" branch="true" condition-coverage="50% (1/2)">
							<conditions>
								<condition number="0" type="jump" coverage="50%"/>
							</conditions>
						</line>
						<line number="91" hits="32" branch="false"/>
						<line number="92" hits="32" branch="false"/>
						<line number="93" hits="32" branch="false"/>
						<line number="95" hits="32" branch="false"/>
						<line number="99" hits="32" branch="false"/>
					</lines>
				</class>
				<class name="sonata.kernel.adaptor.HeartBeat" filename="sonata/kernel/adaptor/HeartBeat.java" line-rate="0.8823529411764706" branch-rate="1.0" complexity="1.6666666666666667">
					<methods>
						<method name="&lt;init&gt;" signature="(Lsonata/kernel/adaptor/AdaptorMux;DLsonata/kernel/adaptor/AdaptorCore;)V" line-rate="1.0" branch-rate="1.0" complexity="0">
							<lines>
								<line number="39" hits="112" branch="false"/>
								<line number="40" hits="112" branch="false"/>
								<line number="41" hits="112" branch="false"/>
								<line number="42" hits="112" branch="false"/>
								<line number="43" hits="112" branch="false"/>
							</lines>
						</method>
						<method name="run" signature="()V" line-rate="0.8" branch-rate="1.0" complexity="0">
							<lines>
								<line number="47" hits="112" branch="false"/>
								<line number="48" hits="418" branch="true" condition-coverage="100% (2/2)">
									<conditions>
										<condition number="0" type="jump" coverage="100%"/>
									</conditions>
								</line>
								<line number="50" hits="307" branch="false"/>
								<line number="51" hits="307" branch="false"/>
								<line number="54" hits="307" branch="false"/>
								<line number="55" hits="307" branch="false"/>
								<line number="56" hits="0" branch="false"/>
								<line number="57" hits="0" branch="false"/>
								<line number="58" hits="306" branch="false"/>
								<line number="61" hits="111" branch="false"/>
							</lines>
						</method>
						<method name="stop" signature="()V" line-rate="1.0" branch-rate="1.0" complexity="0">
							<lines>
								<line number="64" hits="112" branch="false"/>
								<line number="66" hits="112" branch="false"/>
							</lines>
						</method>
					</methods>
					<lines>
						<line number="39" hits="112" branch="false"/>
						<line number="40" hits="112" branch="false"/>
						<line number="41" hits="112" branch="false"/>
						<line number="42" hits="112" branch="false"/>
						<line number="43" hits="112" branch="false"/>
						<line number="47" hits="112" branch="false"/>
						<line number="48" hits="418" branch="true" condition-coverage="100% (2/2)">
							<conditions>
								<condition number="0" type="jump" coverage="100%"/>
							</conditions>
						</line>
						<line number="50" hits="307" branch="false"/>
						<line number="51" hits="307" branch="false"/>
						<line number="54" hits="307" branch="false"/>
						<line number="55" hits="307" branch="false"/>
						<line number="56" hits="0" branch="false"/>
						<line number="57" hits="0" branch="false"/>
						<line number="58" hits="306" branch="false"/>
						<line number="61" hits="111" branch="false"/>
						<line number="64" hits="112" branch="false"/>
						<line number="66" hits="112" branch="false"/>
					</lines>
				</class>
				<class name="sonata.kernel.adaptor.ListVimCallProcessor" filename="sonata/kernel/adaptor/ListVimCallProcessor.java" line-rate="0.7058823529411765" branch-rate="1.0" complexity="1.6666666666666667">
					<methods>
						<method name="&lt;init&gt;" signature="(Lsonata/kernel/adaptor/messaging/ServicePlatformMessage;Ljava/lang/String;Lsonata/kernel/adaptor/AdaptorMux;)V" line-rate="1.0" branch-rate="1.0" complexity="0">
							<lines>
								<line number="18" hits="32" branch="false"/>
								<line number="19" hits="32" branch="false"/>
							</lines>
						</method>
						<method name="process" signature="(Lsonata/kernel/adaptor/messaging/ServicePlatformMessage;)Z" line-rate="0.7142857142857143" branch-rate="1.0" complexity="0">
							<lines>
								<line number="29" hits="32" branch="false"/>
								<line number="30" hits="32" branch="false"/>
								<line number="31" hits="32" branch="false"/>
								<line number="32" hits="32" branch="false"/>
								<line number="33" hits="32" branch="false"/>
								<line number="34" hits="32" branch="false"/>
								<line number="37" hits="32" branch="false"/>
								<line number="40" hits="32" branch="false"/>
								<line number="43" hits="32" branch="false"/>
								<line number="44" hits="32" branch="false"/>
								<line number="45" hits="0" branch="false"/>
								<line number="46" hits="0" branch="false"/>
								<line number="49" hits="0" branch="false"/>
								<line number="50" hits="0" branch="false"/>
							</lines>
						</method>
						<method name="update" signature="(Ljava/util/Observable;Ljava/lang/Object;)V" line-rate="0.0" branch-rate="1.0" complexity="0">
							<lines>
								<line number="24" hits="0" branch="false"/>
							</lines>
						</method>
					</methods>
					<lines>
						<line number="18" hits="32" branch="false"/>
						<line number="19" hits="32" branch="false"/>
						<line number="24" hits="0" branch="false"/>
						<line number="29" hits="32" branch="false"/>
						<line number="30" hits="32" branch="false"/>
						<line number="31" hits="32" branch="false"/>
						<line number="32" hits="32" branch="false"/>
						<line number="33" hits="32" branch="false"/>
						<line number="34" hits="32" branch="false"/>
						<line number="37" hits="32" branch="false"/>
						<line number="40" hits="32" branch="false"/>
						<line number="43" hits="32" branch="false"/>
						<line number="44" hits="32" branch="false"/>
						<line number="45" hits="0" branch="false"/>
						<line number="46" hits="0" branch="false"/>
						<line number="49" hits="0" branch="false"/>
						<line number="50" hits="0" branch="false"/>
					</lines>
				</class>
				<class name="sonata.kernel.adaptor.RemoveVimCallProcessor" filename="sonata/kernel/adaptor/RemoveVimCallProcessor.java" line-rate="0.85" branch-rate="0.5" complexity="1.75">
					<methods>
						<method name="&lt;init&gt;" signature="(Lsonata/kernel/adaptor/messaging/ServicePlatformMessage;Ljava/lang/String;Lsonata/kernel/adaptor/AdaptorMux;)V" line-rate="1.0" branch-rate="1.0" complexity="0">
							<lines>
								<line number="39" hits="128" branch="false"/>
								<line number="41" hits="128" branch="false"/>
							</lines>
						</method>
						<method name="process" signature="(Lsonata/kernel/adaptor/messaging/ServicePlatformMessage;)Z" line-rate="0.8571428571428571" branch-rate="0.5" complexity="0">
							<lines>
								<line number="47" hits="128" branch="false"/>
								<line number="48" hits="128" branch="false"/>
								<line number="49" hits="128" branch="false"/>
								<line number="50" hits="128" branch="false"/>
								<line number="51" hits="128" branch="false"/>
								<line number="52" hits="128" branch="true" condition-coverage="50% (1/2)">
									<conditions>
										<condition number="0" type="jump" coverage="50%"/>
									</conditions>
								</line>
								<line number="53" hits="128" branch="false"/>
								<line number="55" hits="128" branch="true" condition-coverage="50% (1/2)">
									<conditions>
										<condition number="0" type="jump" coverage="50%"/>
									</conditions>
								</line>
								<line number="57" hits="0" branch="false"/>
								<line number="59" hits="128" branch="true" condition-coverage="50% (1/2)">
									<conditions>
										<condition number="0" type="jump" coverage="50%"/>
									</conditions>
								</line>
								<line number="61" hits="0" branch="false"/>
								<line number="63" hits="128" branch="false"/>
								<line number="64" hits="128" branch="false"/>
								<line number="65" hits="128" branch="false"/>
							</lines>
						</method>
						<method name="sendResponse" signature="(Ljava/lang/String;)V" line-rate="1.0" branch-rate="1.0" complexity="0">
							<lines>
								<line number="69" hits="128" branch="false"/>
								<line number="71" hits="128" branch="false"/>
								<line number="72" hits="128" branch="false"/>
							</lines>
						</method>
						<method name="update" signature="(Ljava/util/Observable;Ljava/lang/Object;)V" line-rate="0.0" branch-rate="1.0" complexity="0">
							<lines>
								<line number="77" hits="0" branch="false"/>
							</lines>
						</method>
					</methods>
					<lines>
						<line number="39" hits="128" branch="false"/>
						<line number="41" hits="128" branch="false"/>
						<line number="47" hits="128" branch="false"/>
						<line number="48" hits="128" branch="false"/>
						<line number="49" hits="128" branch="false"/>
						<line number="50" hits="128" branch="false"/>
						<line number="51" hits="128" branch="false"/>
						<line number="52" hits="128" branch="true" condition-coverage="50% (1/2)">
							<conditions>
								<condition number="0" type="jump" coverage="50%"/>
							</conditions>
						</line>
						<line number="53" hits="128" branch="false"/>
						<line number="55" hits="128" branch="true" condition-coverage="50% (1/2)">
							<conditions>
								<condition number="0" type="jump" coverage="50%"/>
							</conditions>
						</line>
						<line number="57" hits="0" branch="false"/>
						<line number="59" hits="128" branch="true" condition-coverage="50% (1/2)">
							<conditions>
								<condition number="0" type="jump" coverage="50%"/>
							</conditions>
						</line>
						<line number="61" hits="0" branch="false"/>
						<line number="63" hits="128" branch="false"/>
						<line number="64" hits="128" branch="false"/>
						<line number="65" hits="128" branch="false"/>
						<line number="69" hits="128" branch="false"/>
						<line number="71" hits="128" branch="false"/>
						<line number="72" hits="128" branch="false"/>
						<line number="77" hits="0" branch="false"/>
					</lines>
				</class>
				<class name="sonata.kernel.adaptor.ResourceAvailabilityCallProcessor" filename="sonata/kernel/adaptor/ResourceAvailabilityCallProcessor.java" line-rate="0.8571428571428571" branch-rate="1.0" complexity="1.3333333333333333">
					<methods>
						<method name="&lt;init&gt;" signature="(Lsonata/kernel/adaptor/messaging/ServicePlatformMessage;Ljava/lang/String;Lsonata/kernel/adaptor/AdaptorMux;)V" line-rate="1.0" branch-rate="1.0" complexity="0">
							<lines>
								<line number="46" hits="16" branch="false"/>
								<line number="48" hits="16" branch="false"/>
							</lines>
						</method>
						<method name="process" signature="(Lsonata/kernel/adaptor/messaging/ServicePlatformMessage;)Z" line-rate="0.8888888888888888" branch-rate="1.0" complexity="0">
							<lines>
								<line number="52" hits="16" branch="false"/>
								<line number="53" hits="16" branch="false"/>
								<line number="56" hits="16" branch="false"/>
								<line number="57" hits="16" branch="false"/>
								<line number="58" hits="16" branch="false"/>
								<line number="59" hits="16" branch="false"/>
								<line number="60" hits="16" branch="false"/>
								<line number="62" hits="16" branch="false"/>
								<line number="63" hits="16" branch="false"/>
								<line number="65" hits="16" branch="false"/>
								<line number="67" hits="16" branch="false"/>
								<line number="71" hits="16" branch="false"/>
								<line number="72" hits="16" branch="false"/>
								<line number="75" hits="16" branch="false"/>
								<line number="76" hits="0" branch="false"/>
								<line number="77" hits="0" branch="false"/>
								<line number="79" hits="16" branch="false"/>
								<line number="81" hits="16" branch="false"/>
							</lines>
						</method>
						<method name="update" signature="(Ljava/util/Observable;Ljava/lang/Object;)V" line-rate="0.0" branch-rate="1.0" complexity="0">
							<lines>
								<line number="88" hits="0" branch="false"/>
							</lines>
						</method>
					</methods>
					<lines>
						<line number="46" hits="16" branch="false"/>
						<line number="48" hits="16" branch="false"/>
						<line number="52" hits="16" branch="false"/>
						<line number="53" hits="16" branch="false"/>
						<line number="56" hits="16" branch="false"/>
						<line number="57" hits="16" branch="false"/>
						<line number="58" hits="16" branch="false"/>
						<line number="59" hits="16" branch="false"/>
						<line number="60" hits="16" branch="false"/>
						<line number="62" hits="16" branch="false"/>
						<line number="63" hits="16" branch="false"/>
						<line number="65" hits="16" branch="false"/>
						<line number="67" hits="16" branch="false"/>
						<line number="71" hits="16" branch="false"/>
						<line number="72" hits="16" branch="false"/>
						<line number="75" hits="16" branch="false"/>
						<line number="76" hits="0" branch="false"/>
						<line number="77" hits="0" branch="false"/>
						<line number="79" hits="16" branch="false"/>
						<line number="81" hits="16" branch="false"/>
						<line number="88" hits="0" branch="false"/>
					</lines>
				</class>
			</classes>
		</package>
		<package name="sonata.kernel.adaptor.commons" line-rate="0.8662420382165605" branch-rate="1.0" complexity="1.0">
			<classes>
				<class name="sonata.kernel.adaptor.commons.DeployServiceData" filename="sonata/kernel/adaptor/commons/DeployServiceData.java" line-rate="0.875" branch-rate="1.0" complexity="1.0">
					<methods>
						<method name="&lt;init&gt;" signature="()V" line-rate="1.0" branch-rate="1.0" complexity="0">
							<lines>
								<line number="35" hits="100" branch="false"/>
								<line number="36" hits="100" branch="false"/>
								<line number="37" hits="100" branch="false"/>
							</lines>
						</method>
						<method name="addVnfDescriptor" signature="(Lsonata/kernel/adaptor/commons/vnfd/VnfDescriptor;)V" line-rate="1.0" branch-rate="1.0" complexity="0">
							<lines>
								<line number="44" hits="204" branch="false"/>
								<line number="45" hits="204" branch="false"/>
							</lines>
						</method>
						<method name="getNsd" signature="()Lsonata/kernel/adaptor/commons/nsd/ServiceDescriptor;" line-rate="1.0" branch-rate="1.0" complexity="0">
							<lines>
								<line number="48" hits="178" branch="false"/>
							</lines>
						</method>
						<method name="getVimUuid" signature="()Ljava/lang/String;" line-rate="1.0" branch-rate="1.0" complexity="0">
							<lines>
								<line number="56" hits="128" branch="false"/>
							</lines>
						</method>
						<method name="getVnfdList" signature="()Ljava/util/ArrayList;" line-rate="1.0" branch-rate="1.0" complexity="0">
							<lines>
								<line number="52" hits="146" branch="false"/>
							</lines>
						</method>
						<method name="setNsd" signature="(Lsonata/kernel/adaptor/commons/nsd/ServiceDescriptor;)V" line-rate="1.0" branch-rate="1.0" complexity="0">
							<lines>
								<line number="64" hits="32" branch="false"/>
								<line number="65" hits="32" branch="false"/>
							</lines>
						</method>
						<method name="setServiceDescriptor" signature="(Lsonata/kernel/adaptor/commons/nsd/ServiceDescriptor;)V" line-rate="1.0" branch-rate="1.0" complexity="0">
							<lines>
								<line number="40" hits="68" branch="false"/>
								<line number="41" hits="68" branch="false"/>
							</lines>
						</method>
						<method name="setVimUuid" signature="(Ljava/lang/String;)V" line-rate="1.0" branch-rate="1.0" complexity="0">
							<lines>
								<line number="60" hits="64" branch="false"/>
								<line number="61" hits="64" branch="false"/>
							</lines>
						</method>
						<method name="setVnfds" signature="(Ljava/util/ArrayList;)V" line-rate="0.0" branch-rate="1.0" complexity="0">
							<lines>
								<line number="68" hits="0" branch="false"/>
								<line number="69" hits="0" branch="false"/>
							</lines>
						</method>
					</methods>
					<lines>
						<line number="35" hits="100" branch="false"/>
						<line number="36" hits="100" branch="false"/>
						<line number="37" hits="100" branch="false"/>
						<line number="40" hits="68" branch="false"/>
						<line number="41" hits="68" branch="false"/>
						<line number="44" hits="204" branch="false"/>
						<line number="45" hits="204" branch="false"/>
						<line number="48" hits="178" branch="false"/>
						<line number="52" hits="146" branch="false"/>
						<line number="56" hits="128" branch="false"/>
						<line number="60" hits="64" branch="false"/>
						<line number="61" hits="64" branch="false"/>
						<line number="64" hits="32" branch="false"/>
						<line number="65" hits="32" branch="false"/>
						<line number="68" hits="0" branch="false"/>
						<line number="69" hits="0" branch="false"/>
					</lines>
				</class>
				<class name="sonata.kernel.adaptor.commons.DeployServiceResponse" filename="sonata/kernel/adaptor/commons/DeployServiceResponse.java" line-rate="0.92" branch-rate="1.0" complexity="1.0">
					<methods>
						<method name="&lt;init&gt;" signature="()V" line-rate="1.0" branch-rate="1.0" complexity="0">
							<lines>
								<line number="35" hits="64" branch="false"/>
								<line number="36" hits="64" branch="false"/>
								<line number="37" hits="64" branch="false"/>
							</lines>
						</method>
						<method name="addVnfRecord" signature="(Lsonata/kernel/adaptor/commons/VnfRecord;)V" line-rate="1.0" branch-rate="1.0" complexity="0">
							<lines>
								<line number="48" hits="96" branch="false"/>
								<line number="49" hits="96" branch="false"/>
							</lines>
						</method>
						<method name="getErrorCode" signature="()Ljava/lang/String;" line-rate="1.0" branch-rate="1.0" complexity="0">
							<lines>
								<line number="88" hits="32" branch="false"/>
							</lines>
						</method>
						<method name="getInstanceName" signature="()Ljava/lang/String;" line-rate="1.0" branch-rate="1.0" complexity="0">
							<lines>
								<line number="60" hits="48" branch="false"/>
							</lines>
						</method>
						<method name="getInstanceVimUuid" signature="()Ljava/lang/String;" line-rate="1.0" branch-rate="1.0" complexity="0">
							<lines>
								<line number="64" hits="48" branch="false"/>
							</lines>
						</method>
						<method name="getNsr" signature="()Lsonata/kernel/adaptor/commons/ServiceRecord;" line-rate="1.0" branch-rate="1.0" complexity="0">
							<lines>
								<line number="52" hits="64" branch="false"/>
							</lines>
						</method>
						<method name="getRequestStatus" signature="()Lsonata/kernel/adaptor/commons/Status;" line-rate="1.0" branch-rate="1.0" complexity="0">
							<lines>
								<line number="56" hits="64" branch="false"/>
							</lines>
						</method>
						<method name="getVnfrs" signature="()Ljava/util/ArrayList;" line-rate="1.0" branch-rate="1.0" complexity="0">
							<lines>
								<line number="68" hits="64" branch="false"/>
							</lines>
						</method>
						<method name="setErrorCode" signature="(Ljava/lang/String;)V" line-rate="0.0" branch-rate="1.0" complexity="0">
							<lines>
								<line number="92" hits="0" branch="false"/>
								<line number="93" hits="0" branch="false"/>
							</lines>
						</method>
						<method name="setInstanceName" signature="(Ljava/lang/String;)V" line-rate="1.0" branch-rate="1.0" complexity="0">
							<lines>
								<line number="72" hits="32" branch="false"/>
								<line number="73" hits="32" branch="false"/>
							</lines>
						</method>
						<method name="setInstanceVimUuid" signature="(Ljava/lang/String;)V" line-rate="1.0" branch-rate="1.0" complexity="0">
							<lines>
								<line number="76" hits="32" branch="false"/>
								<line number="77" hits="32" branch="false"/>
							</lines>
						</method>
						<method name="setNsr" signature="(Lsonata/kernel/adaptor/commons/ServiceRecord;)V" line-rate="1.0" branch-rate="1.0" complexity="0">
							<lines>
								<line number="44" hits="64" branch="false"/>
								<line number="45" hits="64" branch="false"/>
							</lines>
						</method>
						<method name="setRequestStatus" signature="(Lsonata/kernel/adaptor/commons/Status;)V" line-rate="1.0" branch-rate="1.0" complexity="0">
							<lines>
								<line number="80" hits="32" branch="false"/>
								<line number="81" hits="32" branch="false"/>
							</lines>
						</method>
						<method name="setStatus" signature="(Lsonata/kernel/adaptor/commons/Status;)V" line-rate="1.0" branch-rate="1.0" complexity="0">
							<lines>
								<line number="40" hits="32" branch="false"/>
								<line number="41" hits="32" branch="false"/>
							</lines>
						</method>
						<method name="setVnfrs" signature="(Ljava/util/ArrayList;)V" line-rate="1.0" branch-rate="1.0" complexity="0">
							<lines>
								<line number="84" hits="32" branch="false"/>
								<line number="85" hits="32" branch="false"/>
							</lines>
						</method>
					</methods>
					<lines>
						<line number="35" hits="64" branch="false"/>
						<line number="36" hits="64" branch="false"/>
						<line number="37" hits="64" branch="false"/>
						<line number="40" hits="32" branch="false"/>
						<line number="41" hits="32" branch="false"/>
						<line number="44" hits="64" branch="false"/>
						<line number="45" hits="64" branch="false"/>
						<line number="48" hits="96" branch="false"/>
						<line number="49" hits="96" branch="false"/>
						<line number="52" hits="64" branch="false"/>
						<line number="56" hits="64" branch="false"/>
						<line number="60" hits="48" branch="false"/>
						<line number="64" hits="48" branch="false"/>
						<line number="68" hits="64" branch="false"/>
						<line number="72" hits="32" branch="false"/>
						<line number="73" hits="32" branch="false"/>
						<line number="76" hits="32" branch="false"/>
						<line number="77" hits="32" branch="false"/>
						<line number="80" hits="32" branch="false"/>
						<line number="81" hits="32" branch="false"/>
						<line number="84" hits="32" branch="false"/>
						<line number="85" hits="32" branch="false"/>
						<line number="88" hits="32" branch="false"/>
						<line number="92" hits="0" branch="false"/>
						<line number="93" hits="0" branch="false"/>
					</lines>
				</class>
				<class name="sonata.kernel.adaptor.commons.DeploymentResponse" filename="sonata/kernel/adaptor/commons/DeploymentResponse.java" line-rate="0.0" branch-rate="1.0" complexity="1.0">
					<methods>
						<method name="&lt;init&gt;" signature="()V" line-rate="0.0" branch-rate="1.0" complexity="0">
							<lines>
								<line number="5" hits="0" branch="false"/>
								<line number="10" hits="0" branch="false"/>
							</lines>
						</method>
						<method name="getErrorCode" signature="()Ljava/lang/String;" line-rate="0.0" branch-rate="1.0" complexity="0">
							<lines>
								<line number="37" hits="0" branch="false"/>
							</lines>
						</method>
						<method name="getInstanceInfo" signature="()Ljava/util/ArrayList;" line-rate="0.0" branch-rate="1.0" complexity="0">
							<lines>
								<line number="21" hits="0" branch="false"/>
							</lines>
						</method>
						<method name="getInstanceName" signature="()Ljava/lang/String;" line-rate="0.0" branch-rate="1.0" complexity="0">
							<lines>
								<line number="13" hits="0" branch="false"/>
							</lines>
						</method>
						<method name="getInstanceVimUuid" signature="()Ljava/lang/String;" line-rate="0.0" branch-rate="1.0" complexity="0">
							<lines>
								<line number="17" hits="0" branch="false"/>
							</lines>
						</method>
						<method name="setErrorCode" signature="(Ljava/lang/String;)V" line-rate="0.0" branch-rate="1.0" complexity="0">
							<lines>
								<line number="41" hits="0" branch="false"/>
								<line number="42" hits="0" branch="false"/>
							</lines>
						</method>
						<method name="setInstanceInfo" signature="(Ljava/util/ArrayList;)V" line-rate="0.0" branch-rate="1.0" complexity="0">
							<lines>
								<line number="33" hits="0" branch="false"/>
								<line number="34" hits="0" branch="false"/>
							</lines>
						</method>
						<method name="setInstanceName" signature="(Ljava/lang/String;)V" line-rate="0.0" branch-rate="1.0" complexity="0">
							<lines>
								<line number="25" hits="0" branch="false"/>
								<line number="26" hits="0" branch="false"/>
							</lines>
						</method>
						<method name="setInstanceVimUuid" signature="(Ljava/lang/String;)V" line-rate="0.0" branch-rate="1.0" complexity="0">
							<lines>
								<line number="29" hits="0" branch="false"/>
								<line number="30" hits="0" branch="false"/>
							</lines>
						</method>
					</methods>
					<lines>
						<line number="5" hits="0" branch="false"/>
						<line number="10" hits="0" branch="false"/>
						<line number="13" hits="0" branch="false"/>
						<line number="17" hits="0" branch="false"/>
						<line number="21" hits="0" branch="false"/>
						<line number="25" hits="0" branch="false"/>
						<line number="26" hits="0" branch="false"/>
						<line number="29" hits="0" branch="false"/>
						<line number="30" hits="0" branch="false"/>
						<line number="33" hits="0" branch="false"/>
						<line number="34" hits="0" branch="false"/>
						<line number="37" hits="0" branch="false"/>
						<line number="41" hits="0" branch="false"/>
						<line number="42" hits="0" branch="false"/>
					</lines>
				</class>
				<class name="sonata.kernel.adaptor.commons.ResourceAvailabilityData" filename="sonata/kernel/adaptor/commons/ResourceAvailabilityData.java" line-rate="1.0" branch-rate="1.0" complexity="1.0">
					<methods>
						<method name="&lt;init&gt;" signature="()V" line-rate="1.0" branch-rate="1.0" complexity="0">
							<lines>
								<line number="25" hits="32" branch="false"/>
							</lines>
						</method>
						<method name="getCpu" signature="()I" line-rate="1.0" branch-rate="1.0" complexity="0">
							<lines>
								<line number="36" hits="32" branch="false"/>
							</lines>
						</method>
						<method name="getMemory" signature="()I" line-rate="1.0" branch-rate="1.0" complexity="0">
							<lines>
								<line number="40" hits="32" branch="false"/>
							</lines>
						</method>
						<method name="getMemoryUnit" signature="()Lsonata/kernel/adaptor/commons/vnfd/Unit$MemoryUnit;" line-rate="1.0" branch-rate="1.0" complexity="0">
							<lines>
								<line number="44" hits="32" branch="false"/>
							</lines>
						</method>
						<method name="getStorage" signature="()I" line-rate="1.0" branch-rate="1.0" complexity="0">
							<lines>
								<line number="48" hits="32" branch="false"/>
							</lines>
						</method>
						<method name="getStorageUnit" signature="()Lsonata/kernel/adaptor/commons/vnfd/Unit$MemoryUnit;" line-rate="1.0" branch-rate="1.0" complexity="0">
							<lines>
								<line number="52" hits="32" branch="false"/>
							</lines>
						</method>
						<method name="setCpu" signature="(I)V" line-rate="1.0" branch-rate="1.0" complexity="0">
							<lines>
								<line number="56" hits="32" branch="false"/>
								<line number="57" hits="32" branch="false"/>
							</lines>
						</method>
						<method name="setMemory" signature="(I)V" line-rate="1.0" branch-rate="1.0" complexity="0">
							<lines>
								<line number="60" hits="32" branch="false"/>
								<line number="61" hits="32" branch="false"/>
							</lines>
						</method>
						<method name="setMemoryUnit" signature="(Lsonata/kernel/adaptor/commons/vnfd/Unit$MemoryUnit;)V" line-rate="1.0" branch-rate="1.0" complexity="0">
							<lines>
								<line number="64" hits="32" branch="false"/>
								<line number="65" hits="32" branch="false"/>
							</lines>
						</method>
						<method name="setStorage" signature="(I)V" line-rate="1.0" branch-rate="1.0" complexity="0">
							<lines>
								<line number="68" hits="32" branch="false"/>
								<line number="69" hits="32" branch="false"/>
							</lines>
						</method>
						<method name="setStorageUnit" signature="(Lsonata/kernel/adaptor/commons/vnfd/Unit$MemoryUnit;)V" line-rate="1.0" branch-rate="1.0" complexity="0">
							<lines>
								<line number="72" hits="32" branch="false"/>
								<line number="73" hits="32" branch="false"/>
							</lines>
						</method>
					</methods>
					<lines>
						<line number="25" hits="32" branch="false"/>
						<line number="36" hits="32" branch="false"/>
						<line number="40" hits="32" branch="false"/>
						<line number="44" hits="32" branch="false"/>
						<line number="48" hits="32" branch="false"/>
						<line number="52" hits="32" branch="false"/>
						<line number="56" hits="32" branch="false"/>
						<line number="57" hits="32" branch="false"/>
						<line number="60" hits="32" branch="false"/>
						<line number="61" hits="32" branch="false"/>
						<line number="64" hits="32" branch="false"/>
						<line number="65" hits="32" branch="false"/>
						<line number="68" hits="32" branch="false"/>
						<line number="69" hits="32" branch="false"/>
						<line number="72" hits="32" branch="false"/>
						<line number="73" hits="32" branch="false"/>
					</lines>
				</class>
				<class name="sonata.kernel.adaptor.commons.ServiceRecord" filename="sonata/kernel/adaptor/commons/ServiceRecord.java" line-rate="1.0" branch-rate="1.0" complexity="1.0">
					<methods>
						<method name="&lt;init&gt;" signature="()V" line-rate="1.0" branch-rate="1.0" complexity="0">
							<lines>
								<line number="23" hits="64" branch="false"/>
							</lines>
						</method>
						<method name="getInstanceUuid" signature="()Ljava/lang/String;" line-rate="1.0" branch-rate="1.0" complexity="0">
							<lines>
								<line number="47" hits="32" branch="false"/>
							</lines>
						</method>
						<method name="getStatus" signature="()Lsonata/kernel/adaptor/commons/Status;" line-rate="1.0" branch-rate="1.0" complexity="0">
							<lines>
								<line number="35" hits="64" branch="false"/>
							</lines>
						</method>
						<method name="getUuid" signature="()Ljava/lang/String;" line-rate="1.0" branch-rate="1.0" complexity="0">
							<lines>
								<line number="31" hits="32" branch="false"/>
							</lines>
						</method>
[...]
									</conditions>
								</line>
								<line number="187" hits="612" branch="true" condition-coverage="100% (2/2)">
									<conditions>
										<condition number="0" type="jump" coverage="100%"/>
									</conditions>
								</line>
								<line number="188" hits="306" branch="true" condition-coverage="100% (2/2)">
									<conditions>
										<condition number="0" type="jump" coverage="100%"/>
									</conditions>
								</line>
								<line number="189" hits="102" branch="false"/>
								<line number="191" hits="204" branch="false"/>
								<line number="193" hits="204" branch="false"/>
								<line number="195" hits="306" branch="false"/>
								<line number="196" hits="306" branch="true" condition-coverage="100% (2/2)">
									<conditions>
										<condition number="0" type="jump" coverage="100%"/>
									</conditions>
								</line>
								<line number="198" hits="102" branch="false"/>
								<line number="199" hits="102" branch="false"/>
								<line number="200" hits="102" branch="false"/>
								<line number="201" hits="102" branch="false"/>
								<line number="202" hits="102" branch="false"/>
								<line number="203" hits="102" branch="false"/>
								<line number="204" hits="102" branch="false"/>
								<line number="206" hits="102" branch="false"/>
								<line number="208" hits="102" branch="false"/>
								<line number="209" hits="102" branch="false"/>
								<line number="210" hits="102" branch="false"/>
								<line number="211" hits="102" branch="false"/>
								<line number="212" hits="102" branch="false"/>
								<line number="213" hits="102" branch="true" condition-coverage="50% (1/2)">
									<conditions>
										<condition number="0" type="jump" coverage="50%"/>
									</conditions>
								</line>
								<line number="214" hits="204" branch="false"/>
								<line number="215" hits="204" branch="false"/>
								<line number="216" hits="204" branch="false"/>
								<line number="217" hits="204" branch="false"/>
								<line number="218" hits="204" branch="false"/>
								<line number="219" hits="204" branch="false"/>
								<line number="220" hits="204" branch="false"/>
								<line number="222" hits="204" branch="false"/>
								<line number="224" hits="204" branch="false"/>
								<line number="225" hits="204" branch="false"/>
								<line number="226" hits="204" branch="false"/>
								<line number="227" hits="204" branch="false"/>
								<line number="228" hits="204" branch="false"/>
								<line number="230" hits="306" branch="false"/>
								<line number="231" hits="102" branch="false"/>
								<line number="232" hits="102" branch="false"/>
								<line number="233" hits="102" branch="false"/>
								<line number="236" hits="102" branch="true" condition-coverage="100% (2/2)">
									<conditions>
										<condition number="0" type="jump" coverage="100%"/>
									</conditions>
								</line>
								<line number="237" hits="306" branch="false"/>
								<line number="239" hits="306" branch="true" condition-coverage="100% (2/2)">
									<conditions>
										<condition number="0" type="jump" coverage="100%"/>
									</conditions>
								</line>
								<line number="241" hits="204" branch="false"/>
								<line number="242" hits="204" branch="true" condition-coverage="100% (2/2)">
									<conditions>
										<condition number="0" type="jump" coverage="100%"/>
									</conditions>
								</line>
								<line number="243" hits="612" branch="true" condition-coverage="100% (2/2)">
									<conditions>
										<condition number="0" type="jump" coverage="100%"/>
									</conditions>
								</line>
								<line number="244" hits="204" branch="false"/>
								<line number="246" hits="612" branch="false"/>
								<line number="248" hits="204" branch="false"/>
								<line number="249" hits="204" branch="false"/>
								<line number="250" hits="204" branch="true" condition-coverage="50% (1/2)">
									<conditions>
										<condition number="0" type="jump" coverage="50%"/>
									</conditions>
								</line>
								<line number="251" hits="714" branch="true" condition-coverage="100% (2/2)">
									<conditions>
										<condition number="0" type="jump" coverage="100%"/>
									</conditions>
								</line>
								<line number="253" hits="204" branch="true" condition-coverage="100% (2/2)">
									<conditions>
										<condition number="0" type="jump" coverage="100%"/>
									</conditions>
								</line>
								<line number="254" hits="374" branch="true" condition-coverage="100% (2/2)">
									<conditions>
										<condition number="0" type="jump" coverage="100%"/>
									</conditions>
								</line>
								<line number="255" hits="68" branch="false"/>
								<line number="256" hits="68" branch="false"/>
								<line number="258" hits="306" branch="false"/>
								<line number="259" hits="204" branch="true" condition-coverage="100% (2/2)">
									<conditions>
										<condition number="0" type="jump" coverage="100%"/>
									</conditions>
								</line>
								<line number="260" hits="136" branch="false"/>
								<line number="264" hits="510" branch="false"/>
								<line number="266" hits="204" branch="true" condition-coverage="100% (2/2)">
									<conditions>
										<condition number="0" type="jump" coverage="100%"/>
									</conditions>
								</line>
								<line number="267" hits="136" branch="false"/>
								<line number="268" hits="136" branch="false"/>
								<line number="269" hits="136" branch="false"/>
								<line number="270" hits="136" branch="true" condition-coverage="50% (1/2)">
									<conditions>
										<condition number="0" type="jump" coverage="50%"/>
									</conditions>
								</line>
								<line number="271" hits="340" branch="true" condition-coverage="100% (2/2)">
									<conditions>
										<condition number="0" type="jump" coverage="100%"/>
									</conditions>
								</line>
								<line number="272" hits="136" branch="false"/>
								<line number="273" hits="136" branch="false"/>
								<line number="274" hits="136" branch="false"/>
								<line number="275" hits="136" branch="false"/>
								<line number="277" hits="204" branch="false"/>
								<line number="280" hits="136" branch="false"/>
								<line number="281" hits="136" branch="false"/>
								<line number="282" hits="136" branch="false"/>
								<line number="283" hits="136" branch="false"/>
								<line number="286" hits="306" branch="false"/>
								<line number="288" hits="102" branch="false"/>
								<line number="290" hits="34" branch="false"/>
								<line number="291" hits="34" branch="false"/>
							</lines>
						</method>
					</methods>
					<lines>
						<line number="46" hits="50" branch="false"/>
						<line number="47" hits="50" branch="false"/>
						<line number="48" hits="50" branch="false"/>
						<line number="56" hits="16" branch="false"/>
						<line number="58" hits="16" branch="false"/>
						<line number="61" hits="16" branch="false"/>
						<line number="62" hits="16" branch="false"/>
						<line number="63" hits="16" branch="true" condition-coverage="100% (2/2)">
							<conditions>
								<condition number="0" type="jump" coverage="100%"/>
							</conditions>
						</line>
						<line number="64" hits="512" branch="false"/>
						<line number="65" hits="512" branch="false"/>
						<line number="66" hits="16" branch="false"/>
						<line number="69" hits="16" branch="false"/>
						<line number="70" hits="16" branch="false"/>
						<line number="73" hits="16" branch="false"/>
						<line number="84" hits="18" branch="false"/>
						<line number="85" hits="18" branch="false"/>
						<line number="86" hits="18" branch="true" condition-coverage="100% (2/2)">
							<conditions>
								<condition number="0" type="jump" coverage="100%"/>
							</conditions>
						</line>
						<line number="87" hits="576" branch="false"/>
						<line number="88" hits="576" branch="false"/>
						<line number="89" hits="18" branch="false"/>
						<line number="94" hits="34" branch="false"/>
						<line number="98" hits="34" branch="false"/>
						<line number="99" hits="34" branch="false"/>
						<line number="100" hits="34" branch="false"/>
						<line number="101" hits="34" branch="false"/>
						<line number="103" hits="34" branch="false"/>
						<line number="104" hits="34" branch="false"/>
						<line number="106" hits="34" branch="false"/>
						<line number="107" hits="34" branch="false"/>
						<line number="109" hits="34" branch="false"/>
						<line number="110" hits="34" branch="false"/>
						<line number="111" hits="34" branch="false"/>
						<line number="112" hits="34" branch="false"/>
						<line number="113" hits="34" branch="false"/>
						<line number="114" hits="34" branch="false"/>
						<line number="115" hits="34" branch="false"/>
						<line number="116" hits="34" branch="false"/>
						<line number="117" hits="34" branch="false"/>
						<line number="118" hits="34" branch="false"/>
						<line number="124" hits="34" branch="false"/>
						<line number="125" hits="34" branch="true" condition-coverage="100% (2/2)">
							<conditions>
								<condition number="0" type="jump" coverage="100%"/>
							</conditions>
						</line>
						<line number="126" hits="170" branch="false"/>
						<line number="127" hits="170" branch="false"/>
						<line number="128" hits="170" branch="false"/>
						<line number="129" hits="170" branch="true" condition-coverage="100% (2/2)">
							<conditions>
								<condition number="0" type="jump" coverage="100%"/>
							</conditions>
						</line>
						<line number="130" hits="374" branch="true" condition-coverage="100% (2/2)">
							<conditions>
								<condition number="0" type="jump" coverage="100%"/>
							</conditions>
						</line>
						<line number="131" hits="102" branch="false"/>
						<line number="132" hits="102" branch="false"/>
						<line number="134" hits="272" branch="false"/>
						<line number="135" hits="170" branch="true" condition-coverage="75% (3/4)">
							<conditions>
								<condition number="0" type="jump" coverage="100%"/>
								<condition number="1" type="jump" coverage="50%"/>
							</conditions>
						</line>
						<line number="136" hits="68" branch="false"/>
						<line number="137" hits="68" branch="false"/>
						<line number="138" hits="68" branch="false"/>
						<line number="139" hits="68" branch="false"/>
						<line number="140" hits="68" branch="false"/>
						<line number="142" hits="170" branch="false"/>
						<line number="144" hits="34" branch="true" condition-coverage="100% (2/2)">
							<conditions>
								<condition number="0" type="jump" coverage="100%"/>
							</conditions>
						</line>
						<line number="146" hits="102" branch="false"/>
						<line number="147" hits="102" branch="true" condition-coverage="100% (2/2)">
							<conditions>
								<condition number="0" type="jump" coverage="100%"/>
							</conditions>
						</line>
						<line number="148" hits="306" branch="true" condition-coverage="100% (2/2)">
							<conditions>
								<condition number="0" type="jump" coverage="100%"/>
							</conditions>
						</line>
						<line number="149" hits="204" branch="false"/>
						<line number="150" hits="204" branch="false"/>
						<line number="151" hits="204" branch="false"/>
						<line number="152" hits="204" branch="false"/>
						<line number="153" hits="204" branch="false"/>
						<line number="154" hits="204" branch="false"/>
						<line number="155" hits="204" branch="false"/>
						<line number="156" hits="204" branch="false"/>
						<line number="157" hits="204" branch="false"/>
						<line number="158" hits="204" branch="false"/>
						<line number="159" hits="204" branch="false"/>
						<line number="160" hits="204" branch="false"/>
						<line number="161" hits="204" branch="false"/>
						<line number="162" hits="204" branch="false"/>
						<line number="163" hits="204" branch="false"/>
						<line number="164" hits="204" branch="false"/>
						<line number="166" hits="306" branch="false"/>
						<line number="169" hits="102" branch="true" condition-coverage="100% (2/2)">
							<conditions>
								<condition number="0" type="jump" coverage="100%"/>
							</conditions>
						</line>
						<line number="170" hits="102" branch="false"/>
						<line number="171" hits="102" branch="false"/>
						<line number="172" hits="102" branch="false"/>
						<line number="173" hits="102" branch="false"/>
						<line number="175" hits="102" branch="false"/>
						<line number="176" hits="102" branch="false"/>
						<line number="177" hits="102" branch="false"/>
						<line number="178" hits="102" branch="false"/>
						<line number="179" hits="102" branch="false"/>
						<line number="180" hits="102" branch="false"/>
						<line number="181" hits="102" branch="false"/>
						<line number="182" hits="102" branch="true" condition-coverage="100% (2/2)">
							<conditions>
								<condition number="0" type="jump" coverage="100%"/>
							</conditions>
						</line>
						<line number="184" hits="306" branch="false"/>
						<line number="185" hits="306" branch="false"/>
						<line number="186" hits="306" branch="true" condition-coverage="50% (1/2)">
							<conditions>
								<condition number="0" type="jump" coverage="50%"/>
							</conditions>
						</line>
						<line number="187" hits="612" branch="true" condition-coverage="100% (2/2)">
							<conditions>
								<condition number="0" type="jump" coverage="100%"/>
							</conditions>
						</line>
						<line number="188" hits="306" branch="true" condition-coverage="100% (2/2)">
							<conditions>
								<condition number="0" type="jump" coverage="100%"/>
							</conditions>
						</line>
						<line number="189" hits="102" branch="false"/>
						<line number="191" hits="204" branch="false"/>
						<line number="193" hits="204" branch="false"/>
						<line number="195" hits="306" branch="false"/>
						<line number="196" hits="306" branch="true" condition-coverage="100% (2/2)">
							<conditions>
								<condition number="0" type="jump" coverage="100%"/>
							</conditions>
						</line>
						<line number="198" hits="102" branch="false"/>
						<line number="199" hits="102" branch="false"/>
						<line number="200" hits="102" branch="false"/>
						<line number="201" hits="102" branch="false"/>
						<line number="202" hits="102" branch="false"/>
						<line number="203" hits="102" branch="false"/>
						<line number="204" hits="102" branch="false"/>
						<line number="206" hits="102" branch="false"/>
						<line number="208" hits="102" branch="false"/>
						<line number="209" hits="102" branch="false"/>
						<line number="210" hits="102" branch="false"/>
						<line number="211" hits="102" branch="false"/>
						<line number="212" hits="102" branch="false"/>
						<line number="213" hits="102" branch="true" condition-coverage="50% (1/2)">
							<conditions>
								<condition number="0" type="jump" coverage="50%"/>
							</conditions>
						</line>
						<line number="214" hits="204" branch="false"/>
						<line number="215" hits="204" branch="false"/>
						<line number="216" hits="204" branch="false"/>
						<line number="217" hits="204" branch="false"/>
						<line number="218" hits="204" branch="false"/>
						<line number="219" hits="204" branch="false"/>
						<line number="220" hits="204" branch="false"/>
						<line number="222" hits="204" branch="false"/>
						<line number="224" hits="204" branch="false"/>
						<line number="225" hits="204" branch="false"/>
						<line number="226" hits="204" branch="false"/>
						<line number="227" hits="204" branch="false"/>
						<line number="228" hits="204" branch="false"/>
						<line number="230" hits="306" branch="false"/>
						<line number="231" hits="102" branch="false"/>
						<line number="232" hits="102" branch="false"/>
						<line number="233" hits="102" branch="false"/>
						<line number="236" hits="102" branch="true" condition-coverage="100% (2/2)">
							<conditions>
								<condition number="0" type="jump" coverage="100%"/>
							</conditions>
						</line>
						<line number="237" hits="306" branch="false"/>
						<line number="239" hits="306" branch="true" condition-coverage="100% (2/2)">
							<conditions>
								<condition number="0" type="jump" coverage="100%"/>
							</conditions>
						</line>
						<line number="241" hits="204" branch="false"/>
						<line number="242" hits="204" branch="true" condition-coverage="100% (2/2)">
							<conditions>
								<condition number="0" type="jump" coverage="100%"/>
							</conditions>
						</line>
						<line number="243" hits="612" branch="true" condition-coverage="100% (2/2)">
							<conditions>
								<condition number="0" type="jump" coverage="100%"/>
							</conditions>
						</line>
						<line number="244" hits="204" branch="false"/>
						<line number="246" hits="612" branch="false"/>
						<line number="248" hits="204" branch="false"/>
						<line number="249" hits="204" branch="false"/>
						<line number="250" hits="204" branch="true" condition-coverage="50% (1/2)">
							<conditions>
								<condition number="0" type="jump" coverage="50%"/>
							</conditions>
						</line>
						<line number="251" hits="714" branch="true" condition-coverage="100% (2/2)">
							<conditions>
								<condition number="0" type="jump" coverage="100%"/>
							</conditions>
						</line>
						<line number="253" hits="204" branch="true" condition-coverage="100% (2/2)">
							<conditions>
								<condition number="0" type="jump" coverage="100%"/>
							</conditions>
						</line>
						<line number="254" hits="374" branch="true" condition-coverage="100% (2/2)">
							<conditions>
								<condition number="0" type="jump" coverage="100%"/>
							</conditions>
						</line>
						<line number="255" hits="68" branch="false"/>
						<line number="256" hits="68" branch="false"/>
						<line number="258" hits="306" branch="false"/>
						<line number="259" hits="204" branch="true" condition-coverage="100% (2/2)">
							<conditions>
								<condition number="0" type="jump" coverage="100%"/>
							</conditions>
						</line>
						<line number="260" hits="136" branch="false"/>
						<line number="264" hits="510" branch="false"/>
						<line number="266" hits="204" branch="true" condition-coverage="100% (2/2)">
							<conditions>
								<condition number="0" type="jump" coverage="100%"/>
							</conditions>
						</line>
						<line number="267" hits="136" branch="false"/>
						<line number="268" hits="136" branch="false"/>
						<line number="269" hits="136" branch="false"/>
						<line number="270" hits="136" branch="true" condition-coverage="50% (1/2)">
							<conditions>
								<condition number="0" type="jump" coverage="50%"/>
							</conditions>
						</line>
						<line number="271" hits="340" branch="true" condition-coverage="100% (2/2)">
							<conditions>
								<condition number="0" type="jump" coverage="100%"/>
							</conditions>
						</line>
						<line number="272" hits="136" branch="false"/>
						<line number="273" hits="136" branch="false"/>
						<line number="274" hits="136" branch="false"/>
						<line number="275" hits="136" branch="false"/>
						<line number="277" hits="204" branch="false"/>
						<line number="280" hits="136" branch="false"/>
						<line number="281" hits="136" branch="false"/>
						<line number="282" hits="136" branch="false"/>
						<line number="283" hits="136" branch="false"/>
						<line number="286" hits="306" branch="false"/>
						<line number="288" hits="102" branch="false"/>
						<line number="290" hits="34" branch="false"/>
						<line number="291" hits="34" branch="false"/>
						<line number="296" hits="102" branch="false"/>
					</lines>
				</class>
			</classes>
		</package>
	</packages>
</coverage>
